<?xml version="1.0" encoding="UTF-8"?>
<!-- Generated by org.testng.reporters.JUnitXMLReporter -->
<testsuite hostname="ANANDASBEASTLAPTOP" name="Default test" tests="2" failures="0" timestamp="11 Jun 2024 06:09:22 GMT" time="0.025" errors="0">
  <testcase name="Dynamic_payloadDisplay" time="0.01" classname="dynamic_requestPayload.Using_Dataprovider1_annotation"/>
  <testcase name="Dynamic_payloadDisplay" time="0.0" classname="dynamic_requestPayload.Using_Dataprovider1_annotation"/>
</testsuite> <!-- Default test -->
