<?xml version="1.0" encoding="UTF-8"?>
<testng-results skipped="0" failed="0" total="1" passed="1">
  <reporter-output>
  </reporter-output>
  <suite name="Default suite" duration-ms="2843" started-at="2023-08-12T10:43:42Z" finished-at="2023-08-12T10:43:45Z">
    <groups>
    </groups>
    <test name="Default test" duration-ms="2843" started-at="2023-08-12T10:43:42Z" finished-at="2023-08-12T10:43:45Z">
      <class name="api.Tests.Store_module_testCases">
        <test-method status="PASS" signature="get()[pri:0, instance:api.Tests.Store_module_testCases@7113b13f]" name="get" duration-ms="2843" started-at="2023-08-12T16:13:42Z" finished-at="2023-08-12T16:13:45Z">
          <reporter-output>
          </reporter-output>
        </test-method> <!-- get -->
      </class> <!-- api.Tests.Store_module_testCases -->
    </test> <!-- Default test -->
  </suite> <!-- Default suite -->
</testng-results>
