<?xml version="1.0" encoding="UTF-8"?>
<testng-results skipped="0" failed="0" total="2" passed="2">
  <reporter-output>
  </reporter-output>
  <suite name="Default suite" duration-ms="25" started-at="2024-06-11T06:09:22Z" finished-at="2024-06-11T06:09:22Z">
    <groups>
    </groups>
    <test name="Default test" duration-ms="25" started-at="2024-06-11T06:09:22Z" finished-at="2024-06-11T06:09:22Z">
      <class name="dynamic_requestPayload.Using_Dataprovider1_annotation">
        <test-method status="PASS" signature="Dynamic_payloadDisplay(java.lang.String)[pri:0, instance:dynamic_requestPayload.Using_Dataprovider1_annotation@4cdbe50f]" name="Dynamic_payloadDisplay" duration-ms="10" started-at="2024-06-11T11:39:22Z" data-provider="anand" finished-at="2024-06-11T11:39:22Z">
          <params>
            <param index="0">
              <value>
                <![CDATA[233423]]>
              </value>
            </param>
          </params>
          <reporter-output>
          </reporter-output>
        </test-method> <!-- Dynamic_payloadDisplay -->
        <test-method status="PASS" signature="Dynamic_payloadDisplay(java.lang.String)[pri:0, instance:dynamic_requestPayload.Using_Dataprovider1_annotation@4cdbe50f]" name="Dynamic_payloadDisplay" duration-ms="0" started-at="2024-06-11T11:39:22Z" data-provider="anand" finished-at="2024-06-11T11:39:22Z">
          <params>
            <param index="0">
              <value>
                <![CDATA[23232]]>
              </value>
            </param>
          </params>
          <reporter-output>
          </reporter-output>
        </test-method> <!-- Dynamic_payloadDisplay -->
      </class> <!-- dynamic_requestPayload.Using_Dataprovider1_annotation -->
    </test> <!-- Default test -->
  </suite> <!-- Default suite -->
</testng-results>
