<?xml version="1.0" encoding="UTF-8"?>
<!-- Generated by org.testng.reporters.JUnitReportReporter -->
<testsuite hostname="ANANDASBEASTLAPTOP" name="dynamic_requestPayload.Using_Dataprovider1_annotation" tests="2" failures="0" timestamp="11 Jun 2024 06:09:22 GMT" time="0.010" errors="0">
  <testcase name="Dynamic_payloadDisplay" time="0.010" classname="dynamic_requestPayload.Using_Dataprovider1_annotation"/>
  <testcase name="Dynamic_payloadDisplay" time="0.000" classname="dynamic_requestPayload.Using_Dataprovider1_annotation"/>
</testsuite> <!-- dynamic_requestPayload.Using_Dataprovider1_annotation -->
